[2026-01-23 16:56:55,278] [kometa.py:299]             [INFO]     |====================================================================================================|
[2026-01-23 16:56:55,278] [kometa.py:300]             [INFO]     |                                                                                                    |
[2026-01-23 16:56:55,279] [kometa.py:301]             [INFO]     |                   __  ___  ______    ___  ___   _______  __________    ___                         |
[2026-01-23 16:56:55,279] [kometa.py:302]             [INFO]     |                  |  |/  / /  __  \  |   \/   | |   ____||          |  /   \                        |
[2026-01-23 16:56:55,279] [kometa.py:303]             [INFO]     |                  |  '  / |  |  |  | |  \  /  | |  |__   `---|  |---` /  ^  \                       |
[2026-01-23 16:56:55,279] [kometa.py:304]             [INFO]     |                  |    <  |  |  |  | |  |\/|  | |   __|      |  |    /  /_\  \                      |
[2026-01-23 16:56:55,279] [kometa.py:305]             [INFO]     |                  |  .  \ |  `--`  | |  |  |  | |  |____     |  |   /  _____  \                     |
[2026-01-23 16:56:55,279] [kometa.py:306]             [INFO]     |                  |__|\__\ \______/  |__|  |__| |_______|    |__|  /__/     \__\                    |
[2026-01-23 16:56:55,279] [kometa.py:307]             [INFO]     |                                                                                                    |
[2026-01-23 16:56:55,297] [kometa.py:313]             [INFO]     |     Version: 2.2.2 (Docker: master)                                                                |
[2026-01-23 16:56:55,389] [kometa.py:316]             [INFO]     |     Platform: Linux-6.12.30+-x86_64-with-glibc2.41                                                 |
[2026-01-23 16:56:55,390] [kometa.py:317]             [INFO]     |     Total Memory: 31 GB                                                                            |
[2026-01-23 16:56:55,390] [kometa.py:318]             [INFO]     |     Available Memory: 16 GB                                                                        |
[2026-01-23 16:56:55,390] [kometa.py:319]             [INFO]     |     Process Priority: normal                                                                       |
[2026-01-23 16:56:55,391] [kometa.py:351]             [DEBUG]    |====================================================================================================|
[2026-01-23 16:56:55,391] [kometa.py:352]             [DEBUG]    | Run Command: kometa.py --run                                                                       |
[2026-01-23 16:56:55,391] [kometa.py:356]             [DEBUG]    | --config (KOMETA_CONFIG): None                                                                     |
[2026-01-23 16:56:55,391] [kometa.py:356]             [DEBUG]    | --times (KOMETA_TIMES): "05:00"                                                                    |
[2026-01-23 16:56:55,391] [kometa.py:356]             [DEBUG]    | --run (KOMETA_RUN): True                                                                           |
[2026-01-23 16:56:55,391] [kometa.py:356]             [DEBUG]    | --tests (KOMETA_TESTS): False                                                                      |
[2026-01-23 16:56:55,392] [kometa.py:356]             [DEBUG]    | --debug (KOMETA_DEBUG): False                                                                      |
[2026-01-23 16:56:55,392] [kometa.py:356]             [DEBUG]    | --trace (KOMETA_TRACE): False                                                                      |
[2026-01-23 16:56:55,392] [kometa.py:356]             [DEBUG]    | --log-requests (KOMETA_LOG_REQUESTS): False                                                        |
[2026-01-23 16:56:55,392] [kometa.py:356]             [DEBUG]    | --timeout (KOMETA_TIMEOUT): 180                                                                    |
[2026-01-23 16:56:55,392] [kometa.py:356]             [DEBUG]    | --no-verify-ssl (KOMETA_NO_VERIFY_SSL): False                                                      |
[2026-01-23 16:56:55,392] [kometa.py:356]             [DEBUG]    | --collections-only (KOMETA_COLLECTIONS_ONLY): False                                                |
[2026-01-23 16:56:55,392] [kometa.py:356]             [DEBUG]    | --metadata-only (KOMETA_METADATA_ONLY): False                                                      |
[2026-01-23 16:56:55,392] [kometa.py:356]             [DEBUG]    | --playlists-only (KOMETA_PLAYLISTS_ONLY): False                                                    |
[2026-01-23 16:56:55,392] [kometa.py:356]             [DEBUG]    | --operations-only (KOMETA_OPERATIONS_ONLY): False                                                  |
[2026-01-23 16:56:55,392] [kometa.py:356]             [DEBUG]    | --overlays-only (KOMETA_OVERLAYS_ONLY): False                                                      |
[2026-01-23 16:56:55,393] [kometa.py:356]             [DEBUG]    | --run-collections (KOMETA_RUN_COLLECTIONS): None                                                   |
[2026-01-23 16:56:55,393] [kometa.py:356]             [DEBUG]    | --run-libraries (KOMETA_RUN_LIBRARIES): None                                                       |
[2026-01-23 16:56:55,393] [kometa.py:356]             [DEBUG]    | --run-files (KOMETA_RUN_FILES): None                                                               |
[2026-01-23 16:56:55,393] [kometa.py:356]             [DEBUG]    | --ignore-schedules (KOMETA_IGNORE_SCHEDULES): False                                                |
[2026-01-23 16:56:55,393] [kometa.py:356]             [DEBUG]    | --ignore-ghost (KOMETA_IGNORE_GHOST): False                                                        |
[2026-01-23 16:56:55,393] [kometa.py:356]             [DEBUG]    | --delete-collections (KOMETA_DELETE_COLLECTIONS): False                                            |
[2026-01-23 16:56:55,393] [kometa.py:356]             [DEBUG]    | --delete-labels (KOMETA_DELETE_LABELS): False                                                      |
[2026-01-23 16:56:55,393] [kometa.py:356]             [DEBUG]    | --resume (KOMETA_RESUME): None                                                                     |
[2026-01-23 16:56:55,393] [kometa.py:356]             [DEBUG]    | --no-countdown (KOMETA_NO_COUNTDOWN): False                                                        |
[2026-01-23 16:56:55,393] [kometa.py:356]             [DEBUG]    | --no-missing (KOMETA_NO_MISSING): False                                                            |
[2026-01-23 16:56:55,393] [kometa.py:356]             [DEBUG]    | --no-report (KOMETA_NO_REPORT): False                                                              |
[2026-01-23 16:56:55,394] [kometa.py:356]             [DEBUG]    | --read-only-config (KOMETA_READ_ONLY_CONFIG): False                                                |
[2026-01-23 16:56:55,394] [kometa.py:356]             [DEBUG]    | --divider (KOMETA_DIVIDER): "="                                                                    |
[2026-01-23 16:56:55,394] [kometa.py:356]             [DEBUG]    | --width (KOMETA_WIDTH): 100                                                                        |
[2026-01-23 16:56:55,394] [kometa.py:356]             [DEBUG]    | --low-priority (KOMETA_LOW_PRIORITY): False                                                        |
[2026-01-23 16:56:55,394] [kometa.py:357]             [DEBUG]    |                                                                                                    |
[2026-01-23 16:56:55,394] [kometa.py:359]             [DEBUG]    | Kometa Secrets Read:                                                                               |
[2026-01-23 16:56:55,394] [kometa.py:361]             [DEBUG]    | --kometa-trakt-client-id (KOMETA_TRAKT_CLIENT_ID): (redacted)                                      |
[2026-01-23 16:56:55,394] [kometa.py:361]             [DEBUG]    | --kometa-jellyfin-token (KOMETA_JELLYFIN_TOKEN): (redacted)                                        |
[2026-01-23 16:56:55,394] [kometa.py:361]             [DEBUG]    | --kometa-jellyfin-url (KOMETA_JELLYFIN_URL): (redacted)                                            |
[2026-01-23 16:56:55,394] [kometa.py:361]             [DEBUG]    | --kometa-trakt-client-secret (KOMETA_TRAKT_CLIENT_SECRET): (redacted)                              |
[2026-01-23 16:56:55,394] [kometa.py:362]             [DEBUG]    |                                                                                                    |
[2026-01-23 16:56:55,394] [kometa.py:363]             [INFO]     |====================================================================================================|
[2026-01-23 16:56:55,395] [kometa.py:363]             [INFO]     |                                            Starting Run                                            |
[2026-01-23 16:56:55,395] [kometa.py:363]             [INFO]     |====================================================================================================|
[2026-01-23 16:56:55,395] [config.py:157]             [INFO]     | Locating config...                                                                                 |
[2026-01-23 16:56:55,395] [config.py:163]             [INFO]     | Using //config/config.yml as config                                                                |
[2026-01-23 16:56:55,399] [config.py:204]             [DEBUG]    |========================================= Redacted Config ==========================================|
[2026-01-23 16:56:55,399] [config.py:206]             [DEBUG]    | # config.yml                                                                                       |
[2026-01-23 16:56:55,400] [config.py:206]             [DEBUG]    | libraries:                                                                                         |
[2026-01-23 16:56:55,400] [config.py:206]             [DEBUG]    |   Movies:                                                                                          |
[2026-01-23 16:56:55,400] [config.py:206]             [DEBUG]    |     collection_files:                                                                              |
[2026-01-23 16:56:55,400] [config.py:206]             [DEBUG]    |       - file: movies.yml                                                                           |
[2026-01-23 16:56:55,400] [config.py:206]             [DEBUG]    |     # Tells Kometa to apply these rules to BOTH Plex and Jellyfin                                  |
[2026-01-23 16:56:55,400] [config.py:206]             [DEBUG]    |     plex:                                                                                          |
[2026-01-23 16:56:55,400] [config.py:206]             [DEBUG]    |       url: (redacted)                                                                              |
[2026-01-23 16:56:55,400] [config.py:206]             [DEBUG]    |       token: (redacted)                                                                            |
[2026-01-23 16:56:55,400] [config.py:206]             [DEBUG]    |       library_name: Movies                                                                         |
[2026-01-23 16:56:55,400] [config.py:206]             [DEBUG]    |     jellyfin:                                                                                      |
[2026-01-23 16:56:55,400] [config.py:206]             [DEBUG]    |       url: (redacted)                                                                              |
[2026-01-23 16:56:55,401] [config.py:206]             [DEBUG]    |       token: (redacted)                                                                            |
[2026-01-23 16:56:55,401] [config.py:206]             [DEBUG]    |       library_name: Movies                                                                         |
[2026-01-23 16:56:55,401] [config.py:206]             [DEBUG]    |                                                                                                    |
[2026-01-23 16:56:55,401] [config.py:206]             [DEBUG]    |   TV Shows:                                                                                        |
[2026-01-23 16:56:55,401] [config.py:206]             [DEBUG]    |     collection_files:                                                                              |
[2026-01-23 16:56:55,401] [config.py:206]             [DEBUG]    |       - file: tvshows.yml                                                                          |
[2026-01-23 16:56:55,401] [config.py:206]             [DEBUG]    |     plex:                                                                                          |
[2026-01-23 16:56:55,401] [config.py:206]             [DEBUG]    |       url: (redacted)                                                                              |
[2026-01-23 16:56:55,401] [config.py:206]             [DEBUG]    |       token: (redacted)                                                                            |
[2026-01-23 16:56:55,401] [config.py:206]             [DEBUG]    |       library_name: TV Shows                                                                       |
[2026-01-23 16:56:55,401] [config.py:206]             [DEBUG]    |     jellyfin:                                                                                      |
[2026-01-23 16:56:55,401] [config.py:206]             [DEBUG]    |       url: (redacted)                                                                              |
[2026-01-23 16:56:55,401] [config.py:206]             [DEBUG]    |       token: (redacted)                                                                            |
[2026-01-23 16:56:55,402] [config.py:206]             [DEBUG]    |       library_name: Shows                                                                          |
[2026-01-23 16:56:55,402] [config.py:206]             [DEBUG]    |                                                                                                    |
[2026-01-23 16:56:55,402] [config.py:206]             [DEBUG]    | settings:                                                                                          |
[2026-01-23 16:56:55,402] [config.py:206]             [DEBUG]    |   cache_expiration: 60                                                                             |
[2026-01-23 16:56:55,402] [config.py:206]             [DEBUG]    |   asset_directory: config/assets                                                                   |
[2026-01-23 16:56:55,402] [config.py:206]             [DEBUG]    |   asset_depth: 0                                                                                   |
[2026-01-23 16:56:55,402] [config.py:206]             [DEBUG]    |   create_asset_folders: false                                                                      |
[2026-01-23 16:56:55,402] [config.py:206]             [DEBUG]    |                                                                                                    |
[2026-01-23 16:56:55,402] [config.py:206]             [DEBUG]    | # Trakt Authentication (Free Account)                                                              |
[2026-01-23 16:56:55,402] [config.py:206]             [DEBUG]    | # You will need to run the container once interactively to generate these,                         |
[2026-01-23 16:56:55,402] [config.py:206]             [DEBUG]    | # or follow the Kometa wiki to authorize via browser.                                              |
[2026-01-23 16:56:55,402] [config.py:206]             [DEBUG]    | trakt:                                                                                             |
[2026-01-23 16:56:55,403] [config.py:206]             [DEBUG]    |   client_id: (redacted)                                                                            |
[2026-01-23 16:56:55,403] [config.py:206]             [DEBUG]    |   client_secret: (redacted)                                                                        |
[2026-01-23 16:56:55,403] [config.py:206]             [DEBUG]    |   pin: # 9394                                                                                      |
[2026-01-23 16:56:55,403] [config.py:207]             [DEBUG]    |                                                                                                    |
[2026-01-23 16:56:55,424] [config.py:469]             [WARNING]  | Config Warning: settings sub-attribute run_order not found using ['operations', 'metadata', 'collections', 'overlays'] as default |
                                                                 | settings sub-attribute run_order added to config                                                   |
[2026-01-23 16:56:55,434] [config.py:469]             [WARNING]  | Config Warning: settings sub-attribute cache not found using True as default                       |
                                                                 | settings sub-attribute cache added to config                                                       |
[2026-01-23 16:56:55,435] [config.py:440]             [WARNING]  | Config Warning: Path does not exist: /config/assets                                                |
[2026-01-23 16:56:55,435] [config.py:469]             [WARNING]  | Config Warning: No Paths exist using None as default                                               |
[2026-01-23 16:56:55,444] [config.py:469]             [WARNING]  | Config Warning: settings sub-attribute asset_folders not found using True as default               |
                                                                 | settings sub-attribute asset_folders added to config                                               |
[2026-01-23 16:56:55,453] [config.py:469]             [WARNING]  | Config Warning: settings sub-attribute prioritize_assets not found using False as default          |
                                                                 | settings sub-attribute prioritize_assets added to config                                           |
[2026-01-23 16:56:55,463] [config.py:469]             [WARNING]  | Config Warning: settings sub-attribute dimensional_asset_rename not found using False as default   |
                                                                 | settings sub-attribute dimensional_asset_rename added to config                                    |
[2026-01-23 16:56:55,473] [config.py:469]             [WARNING]  | Config Warning: settings sub-attribute download_url_assets not found using False as default        |
                                                                 | settings sub-attribute download_url_assets added to config                                         |
[2026-01-23 16:56:55,483] [config.py:469]             [WARNING]  | Config Warning: settings sub-attribute show_missing_assets not found using True as default         |
                                                                 | settings sub-attribute show_missing_assets added to config                                         |
[2026-01-23 16:56:55,493] [config.py:469]             [WARNING]  | Config Warning: settings sub-attribute show_missing_season_assets not found using False as default |
                                                                 | settings sub-attribute show_missing_season_assets added to config                                  |
[2026-01-23 16:56:55,505] [config.py:469]             [WARNING]  | Config Warning: settings sub-attribute show_missing_episode_assets not found using False as default |
                                                                 | settings sub-attribute show_missing_episode_assets added to config                                 |
[2026-01-23 16:56:55,515] [config.py:469]             [WARNING]  | Config Warning: settings sub-attribute show_asset_not_needed not found using True as default       |
                                                                 | settings sub-attribute show_asset_not_needed added to config                                       |
[2026-01-23 16:56:55,527] [config.py:469]             [WARNING]  | Config Warning: settings sub-attribute sync_mode not found using append as default                 |
                                                                 | settings sub-attribute sync_mode added to config                                                   |
[2026-01-23 16:56:55,538] [config.py:469]             [WARNING]  | Config Warning: settings sub-attribute default_collection_order not found using None as default    |
                                                                 | settings sub-attribute default_collection_order added to config                                    |
[2026-01-23 16:56:55,549] [config.py:469]             [WARNING]  | Config Warning: settings sub-attribute minimum_items not found using 1 as default                  |
                                                                 | settings sub-attribute minimum_items added to config                                               |
[2026-01-23 16:56:55,562] [config.py:469]             [WARNING]  | Config Warning: settings sub-attribute item_refresh_delay not found using 0 as default             |
                                                                 | settings sub-attribute item_refresh_delay added to config                                          |
[2026-01-23 16:56:55,574] [config.py:469]             [WARNING]  | Config Warning: settings sub-attribute delete_below_minimum not found using False as default       |
                                                                 | settings sub-attribute delete_below_minimum added to config                                        |
[2026-01-23 16:56:55,587] [config.py:469]             [WARNING]  | Config Warning: settings sub-attribute delete_not_scheduled not found using False as default       |
                                                                 | settings sub-attribute delete_not_scheduled added to config                                        |
[2026-01-23 16:56:55,599] [config.py:469]             [WARNING]  | Config Warning: settings sub-attribute run_again_delay not found using 0 as default                |
                                                                 | settings sub-attribute run_again_delay added to config                                             |
[2026-01-23 16:56:55,612] [config.py:469]             [WARNING]  | Config Warning: settings sub-attribute missing_only_released not found using False as default      |
                                                                 | settings sub-attribute missing_only_released added to config                                       |
[2026-01-23 16:56:55,626] [config.py:469]             [WARNING]  | Config Warning: settings sub-attribute only_filter_missing not found using False as default        |
                                                                 | settings sub-attribute only_filter_missing added to config                                         |
[2026-01-23 16:56:55,640] [config.py:469]             [WARNING]  | Config Warning: settings sub-attribute show_unmanaged not found using True as default              |
                                                                 | settings sub-attribute show_unmanaged added to config                                              |
[2026-01-23 16:56:55,655] [config.py:469]             [WARNING]  | Config Warning: settings sub-attribute show_unconfigured not found using True as default           |
                                                                 | settings sub-attribute show_unconfigured added to config                                           |
[2026-01-23 16:56:55,670] [config.py:469]             [WARNING]  | Config Warning: settings sub-attribute show_filtered not found using False as default              |
                                                                 | settings sub-attribute show_filtered added to config                                               |
[2026-01-23 16:56:55,687] [config.py:469]             [WARNING]  | Config Warning: settings sub-attribute show_unfiltered not found using False as default            |
                                                                 | settings sub-attribute show_unfiltered added to config                                             |
[2026-01-23 16:56:55,704] [config.py:469]             [WARNING]  | Config Warning: settings sub-attribute show_options not found using False as default               |
                                                                 | settings sub-attribute show_options added to config                                                |
[2026-01-23 16:56:55,721] [config.py:469]             [WARNING]  | Config Warning: settings sub-attribute show_missing not found using True as default                |
                                                                 | settings sub-attribute show_missing added to config                                                |
[2026-01-23 16:56:55,737] [config.py:469]             [WARNING]  | Config Warning: settings sub-attribute save_report not found using False as default                |
                                                                 | settings sub-attribute save_report added to config                                                 |
[2026-01-23 16:56:55,753] [config.py:469]             [WARNING]  | Config Warning: settings sub-attribute tvdb_language not found using default as default            |
                                                                 | settings sub-attribute tvdb_language added to config                                               |
[2026-01-23 16:56:55,796] [config.py:469]             [WARNING]  | Config Warning: settings sub-attribute playlist_sync_to_users not found using None as default      |
                                                                 | settings sub-attribute playlist_sync_to_users added to config                                      |
[2026-01-23 16:56:55,811] [config.py:469]             [WARNING]  | Config Warning: settings sub-attribute playlist_exclude_users not found using None as default      |
                                                                 | settings sub-attribute playlist_exclude_users added to config                                      |
[2026-01-23 16:56:55,826] [config.py:469]             [WARNING]  | Config Warning: settings sub-attribute playlist_report not found using True as default             |
                                                                 | settings sub-attribute playlist_report added to config                                             |
[2026-01-23 16:56:55,826] [config.py:469]             [WARNING]  | Config Warning: settings sub-attribute verify_ssl not found using True as default                  |
[2026-01-23 16:56:55,842] [config.py:469]             [WARNING]  | Config Warning: settings sub-attribute custom_repo not found using None as default                 |
                                                                 | settings sub-attribute custom_repo added to config                                                 |
[2026-01-23 16:56:55,858] [config.py:469]             [WARNING]  | Config Warning: settings sub-attribute overlay_artwork_filetype not found using webp_lossy as default |
                                                                 | settings sub-attribute overlay_artwork_filetype added to config                                    |
[2026-01-23 16:56:55,874] [config.py:469]             [WARNING]  | Config Warning: settings sub-attribute overlay_artwork_quality not found using 90 as default       |
                                                                 | settings sub-attribute overlay_artwork_quality added to config                                     |
[2026-01-23 16:56:55,875] [config.py:559]             [INFO]     |====================================================================================================|
[2026-01-23 16:56:55,875] [cache.py:17]               [INFO]     | Initializing cache database at //config/config.cache                                               |
[2026-01-23 16:56:55,983] [config.py:568]             [INFO]     |====================================================================================================|
[2026-01-23 16:56:55,984] [config.py:585]             [INFO]     | notifiarr attribute not found                                                                      |
[2026-01-23 16:56:55,984] [config.py:603]             [INFO]     | gotify attribute not found                                                                         |
[2026-01-23 16:56:55,984] [config.py:622]             [INFO]     | ntfy attribute not found                                                                           |
[2026-01-23 16:56:55,985] [config.py:642]             [INFO]     |====================================================================================================|
[2026-01-23 16:56:55,985] [config.py:647]             [INFO]     | Connecting to TMDb...                                                                              |
[2026-01-23 16:56:56,007] [config.py:1356]            [DEBUG]    | Traceback (most recent call last):                                                                 |
                                                                 |   File "/modules/config.py", line 649, in __init__                                                 |
                                                                 |     "apikey": check_for_attribute(self.data, "apikey", parent="tmdb", throw=True),                 |
                                                                 |               ~~~~~~~~~~~~~~~~~~~^^^^^^^^^^^^^^^^^^^^^^^^^^^^^^^^^^^^^^^^^^^^^^^^                  |
                                                                 |   File "/modules/config.py", line 467, in check_for_attribute                                      |
                                                                 |     raise Failed(f"Config Error: {message}")                                                       |
                                                                 | modules.util.Failed: Config Error: tmdb sub-attribute apikey not found                             |
                                                                 | tmdb sub-attribute apikey added to config                                                          |
                                                                 |                                                                                                    |
[2026-01-23 16:56:56,010] [kometa.py:369]             [DEBUG]    | Traceback (most recent call last):                                                                 |
                                                                 |   File "//kometa.py", line 367, in start                                                           |
                                                                 |     config = ConfigFile(my_requests, default_dir, attrs, secret_args)                              |
                                                                 |   File "/modules/config.py", line 649, in __init__                                                 |
                                                                 |     "apikey": check_for_attribute(self.data, "apikey", parent="tmdb", throw=True),                 |
                                                                 |               ~~~~~~~~~~~~~~~~~~~^^^^^^^^^^^^^^^^^^^^^^^^^^^^^^^^^^^^^^^^^^^^^^^^                  |
                                                                 |   File "/modules/config.py", line 467, in check_for_attribute                                      |
                                                                 |     raise Failed(f"Config Error: {message}")                                                       |
                                                                 | modules.util.Failed: Config Error: tmdb sub-attribute apikey not found                             |
                                                                 | tmdb sub-attribute apikey added to config                                                          |
                                                                 |                                                                                                    |
[2026-01-23 16:56:56,011] [kometa.py:370]             [CRITICAL] | Config Error: tmdb sub-attribute apikey not found                                                  |
                                                                 | tmdb sub-attribute apikey added to config                                                          |
[2026-01-23 16:56:56,011] [kometa.py:378]             [INFO]     |                                                                                                    |
[2026-01-23 16:56:56,011] [kometa.py:453]             [INFO]     |========================================= Warning Summary ==========================================|
[2026-01-23 16:56:56,011] [kometa.py:455]             [INFO]     |                                                                                                    |
[2026-01-23 16:56:56,011] [kometa.py:456]             [INFO]     | Count | Message                                                                                    |
[2026-01-23 16:56:56,011] [kometa.py:457]             [INFO]     |=======|============================================================================================|
[2026-01-23 16:56:56,012] [kometa.py:459]             [INFO]     |     1 | Config Warning: settings sub-attribute run_order not found using ['operations', 'metadata', 'collections', 'overlays'] as default |
[2026-01-23 16:56:56,012] [kometa.py:459]             [INFO]     |     1 | Config Warning: settings sub-attribute cache not found using True as default               |
[2026-01-23 16:56:56,012] [kometa.py:459]             [INFO]     |     1 | Config Warning: Path does not exist: /config/assets                                        |
[2026-01-23 16:56:56,012] [kometa.py:459]             [INFO]     |     1 | Config Warning: No Paths exist using None as default                                       |
[2026-01-23 16:56:56,012] [kometa.py:459]             [INFO]     |     1 | Config Warning: settings sub-attribute asset_folders not found using True as default       |
[2026-01-23 16:56:56,012] [kometa.py:459]             [INFO]     |     1 | Config Warning: settings sub-attribute prioritize_assets not found using False as default  |
[2026-01-23 16:56:56,012] [kometa.py:459]             [INFO]     |     1 | Config Warning: settings sub-attribute dimensional_asset_rename not found using False as default |
[2026-01-23 16:56:56,012] [kometa.py:459]             [INFO]     |     1 | Config Warning: settings sub-attribute download_url_assets not found using False as default |
[2026-01-23 16:56:56,012] [kometa.py:459]             [INFO]     |     1 | Config Warning: settings sub-attribute show_missing_assets not found using True as default |
[2026-01-23 16:56:56,012] [kometa.py:459]             [INFO]     |     1 | Config Warning: settings sub-attribute show_missing_season_assets not found using False as default |
[2026-01-23 16:56:56,012] [kometa.py:459]             [INFO]     |     1 | Config Warning: settings sub-attribute show_missing_episode_assets not found using False as default |
[2026-01-23 16:56:56,012] [kometa.py:459]             [INFO]     |     1 | Config Warning: settings sub-attribute show_asset_not_needed not found using True as default |
[2026-01-23 16:56:56,012] [kometa.py:459]             [INFO]     |     1 | Config Warning: settings sub-attribute sync_mode not found using append as default         |
[2026-01-23 16:56:56,012] [kometa.py:459]             [INFO]     |     1 | Config Warning: settings sub-attribute default_collection_order not found using None as default |
[2026-01-23 16:56:56,012] [kometa.py:459]             [INFO]     |     1 | Config Warning: settings sub-attribute minimum_items not found using 1 as default          |
[2026-01-23 16:56:56,012] [kometa.py:459]             [INFO]     |     1 | Config Warning: settings sub-attribute item_refresh_delay not found using 0 as default     |
[2026-01-23 16:56:56,012] [kometa.py:459]             [INFO]     |     1 | Config Warning: settings sub-attribute delete_below_minimum not found using False as default |
[2026-01-23 16:56:56,012] [kometa.py:459]             [INFO]     |     1 | Config Warning: settings sub-attribute delete_not_scheduled not found using False as default |
[2026-01-23 16:56:56,012] [kometa.py:459]             [INFO]     |     1 | Config Warning: settings sub-attribute run_again_delay not found using 0 as default        |
[2026-01-23 16:56:56,012] [kometa.py:459]             [INFO]     |     1 | Config Warning: settings sub-attribute missing_only_released not found using False as default |
[2026-01-23 16:56:56,013] [kometa.py:459]             [INFO]     |     1 | Config Warning: settings sub-attribute only_filter_missing not found using False as default |
[2026-01-23 16:56:56,013] [kometa.py:459]             [INFO]     |     1 | Config Warning: settings sub-attribute show_unmanaged not found using True as default      |
[2026-01-23 16:56:56,013] [kometa.py:459]             [INFO]     |     1 | Config Warning: settings sub-attribute show_unconfigured not found using True as default   |
[2026-01-23 16:56:56,013] [kometa.py:459]             [INFO]     |     1 | Config Warning: settings sub-attribute show_filtered not found using False as default      |
[2026-01-23 16:56:56,013] [kometa.py:459]             [INFO]     |     1 | Config Warning: settings sub-attribute show_unfiltered not found using False as default    |
[2026-01-23 16:56:56,013] [kometa.py:459]             [INFO]     |     1 | Config Warning: settings sub-attribute show_options not found using False as default       |
[2026-01-23 16:56:56,013] [kometa.py:459]             [INFO]     |     1 | Config Warning: settings sub-attribute show_missing not found using True as default        |
[2026-01-23 16:56:56,013] [kometa.py:459]             [INFO]     |     1 | Config Warning: settings sub-attribute save_report not found using False as default        |
[2026-01-23 16:56:56,013] [kometa.py:459]             [INFO]     |     1 | Config Warning: settings sub-attribute tvdb_language not found using default as default    |
[2026-01-23 16:56:56,013] [kometa.py:459]             [INFO]     |     1 | Config Warning: settings sub-attribute playlist_sync_to_users not found using None as default |
[2026-01-23 16:56:56,013] [kometa.py:459]             [INFO]     |     1 | Config Warning: settings sub-attribute playlist_exclude_users not found using None as default |
[2026-01-23 16:56:56,013] [kometa.py:459]             [INFO]     |     1 | Config Warning: settings sub-attribute playlist_report not found using True as default     |
[2026-01-23 16:56:56,013] [kometa.py:459]             [INFO]     |     1 | Config Warning: settings sub-attribute verify_ssl not found using True as default          |
[2026-01-23 16:56:56,013] [kometa.py:459]             [INFO]     |     1 | Config Warning: settings sub-attribute custom_repo not found using None as default         |
[2026-01-23 16:56:56,013] [kometa.py:459]             [INFO]     |     1 | Config Warning: settings sub-attribute overlay_artwork_filetype not found using webp_lossy as default |
[2026-01-23 16:56:56,013] [kometa.py:459]             [INFO]     |     1 | Config Warning: settings sub-attribute overlay_artwork_quality not found using 90 as default |
[2026-01-23 16:56:56,013] [kometa.py:460]             [INFO]     |                                                                                                    |
[2026-01-23 16:56:56,013] [kometa.py:453]             [INFO]     |========================================= Critical Summary =========================================|
[2026-01-23 16:56:56,013] [kometa.py:455]             [INFO]     |                                                                                                    |
[2026-01-23 16:56:56,013] [kometa.py:456]             [INFO]     | Count | Message                                                                                    |
[2026-01-23 16:56:56,013] [kometa.py:457]             [INFO]     |=======|============================================================================================|
[2026-01-23 16:56:56,014] [kometa.py:459]             [INFO]     |     1 | Config Error: tmdb sub-attribute apikey not found                                          |
[2026-01-23 16:56:56,014] [kometa.py:460]             [INFO]     |                                                                                                    |
[2026-01-23 16:56:56,014] [kometa.py:467]             [INFO]     |====================================================================================================|
[2026-01-23 16:56:56,014] [kometa.py:467]             [INFO]     |                                            Finished Run                                            |
[2026-01-23 16:56:56,014] [kometa.py:467]             [INFO]     |                                           Version: 2.2.2                                           |
[2026-01-23 16:56:56,014] [kometa.py:467]             [INFO]     |      Start Time: 16:56:55 2026-01-23     Finished: 16:56:56 2026-01-23     Run Time: 0:00:00       |
[2026-01-23 16:56:56,014] [kometa.py:467]             [INFO]     |====================================================================================================|
